{"name": "test_buyItems", "status": "failed", "statusDetails": {"message": "AssertionError: assert False", "trace": "def test_buyItems():\n        try:\n>           assert z.buyItems()\n\notherSteps/testMore.py:36: \n_ _ _ _ _ _ _ _ _ _ _ _ _ _ _ _ _ _ _ _ _ _ _ _ _ _ _ _ _ _ _ _ _ _ _ _ _ _ _ _ _ _ _ _ _ _ _ _ _ _ _ _ _ _ _ _ _ _ _ _ _ _ _ _ _ _ _ _ _ _ _ _ _ _ _ _ _ _ _ _ _ _ _ _ _ _ _ _ _ _ _ _ _ _ _ _ _ _ _ _ _ _ _ _ _ _ _ _ _ _ _ _ \notherSteps/Ztrain.py:190: in buyItems\n    typeOfDeliveryElement = WebDriverWait(driver,20).until(EC.element_to_be_clickable((By.XPATH,'/html/body/div[1]/div/div[1]/main/form/div[1]/div[1]/input')))\n_ _ _ _ _ _ _ _ _ _ _ _ _ _ _ _ _ _ _ _ _ _ _ _ _ _ _ _ _ _ _ _ _ _ _ _ _ _ _ _ _ _ _ _ _ _ _ _ _ _ _ _ _ _ _ _ _ _ _ _ _ _ _ _ _ _ _ _ _ _ _ _ _ _ _ _ _ _ _ _ _ _ _ _ _ _ _ _ _ _ _ _ _ _ _ _ _ _ _ _ _ _ _ _ _ _ _ _ _ _ _ _ \n\nself = <selenium.webdriver.support.wait.WebDriverWait (session=\"0ad6489a53259906419a82e184bbb766\")>, method = <function element_to_be_clickable.<locals>._predicate at 0x7fb09dd6d090>, message = ''\n\n    def until(self, method, message: str = \"\"):\n        \"\"\"Calls the method provided with the driver as an argument until the \\\n        return value does not evaluate to ``False``.\n    \n        :param method: callable(WebDriver)\n        :param message: optional message for :exc:`TimeoutException`\n        :returns: the result of the last call to `method`\n        :raises: :exc:`selenium.common.exceptions.TimeoutException` if timeout occurs\n        \"\"\"\n        screen = None\n        stacktrace = None\n    \n        end_time = time.monotonic() + self._timeout\n        while True:\n            try:\n                value = method(self._driver)\n                if value:\n                    return value\n            except self._ignored_exceptions as exc:\n                screen = getattr(exc, \"screen\", None)\n                stacktrace = getattr(exc, \"stacktrace\", None)\n            time.sleep(self._poll)\n            if time.monotonic() > end_time:\n                break\n>       raise TimeoutException(message, screen, stacktrace)\nE       selenium.common.exceptions.TimeoutException: Message:\n\n/usr/local/lib/python3.10/dist-packages/selenium/webdriver/support/wait.py:95: TimeoutException\n\nDuring handling of the above exception, another exception occurred:\n\n    def test_buyItems():\n        try:\n            assert z.buyItems()\n        except:\n>           assert False\nE           assert False\n\notherSteps/testMore.py:38: AssertionError"}, "start": 1703237102425, "stop": 1703237127798, "uuid": "d63c9ac4-4e27-4309-8b04-be200644e847", "historyId": "8c233dc7453a37c03df86d310e5ecc01", "testCaseId": "8c233dc7453a37c03df86d310e5ecc01", "fullName": "otherSteps.testMore#test_buyItems", "labels": [{"name": "parentSuite", "value": "otherSteps"}, {"name": "suite", "value": "testMore"}, {"name": "host", "value": "byemen"}, {"name": "thread", "value": "25386-MainThread"}, {"name": "framework", "value": "pytest"}, {"name": "language", "value": "cpython3"}, {"name": "package", "value": "otherSteps.testMore"}]}