{"name": "test_searchProductsByTag", "status": "failed", "statusDetails": {"message": "AssertionError: assert False", "trace": "def test_searchProductsByTag():\n        try:\n>           assert z.searchProductsByTags()\n\notherSteps/testMore.py:18: \n_ _ _ _ _ _ _ _ _ _ _ _ _ _ _ _ _ _ _ _ _ _ _ _ _ _ _ _ _ _ _ _ _ _ _ _ _ _ _ _ _ _ _ _ _ _ _ _ _ _ _ _ _ _ _ _ _ _ _ _ _ _ _ _ _ _ _ _ _ _ _ _ _ _ _ _ _ _ _ _ _ _ _ _ _ _ _ _ _ _ _ _ _ _ _ _ _ _ _ _ _ _ _ _ _ _ _ _ _ _ _ _ \notherSteps/Ztrain.py:125: in searchProductsByTags\n    WebDriverWait(driver, 20).until(EC.element_to_be_clickable((By.XPATH,'/html/body/div/div/nav/div[2]/select/option[2]'))).click()\n_ _ _ _ _ _ _ _ _ _ _ _ _ _ _ _ _ _ _ _ _ _ _ _ _ _ _ _ _ _ _ _ _ _ _ _ _ _ _ _ _ _ _ _ _ _ _ _ _ _ _ _ _ _ _ _ _ _ _ _ _ _ _ _ _ _ _ _ _ _ _ _ _ _ _ _ _ _ _ _ _ _ _ _ _ _ _ _ _ _ _ _ _ _ _ _ _ _ _ _ _ _ _ _ _ _ _ _ _ _ _ _ \n\nself = <selenium.webdriver.support.wait.WebDriverWait (session=\"0ad6489a53259906419a82e184bbb766\")>, method = <function element_to_be_clickable.<locals>._predicate at 0x7fb09dd6d360>, message = ''\n\n    def until(self, method, message: str = \"\"):\n        \"\"\"Calls the method provided with the driver as an argument until the \\\n        return value does not evaluate to ``False``.\n    \n        :param method: callable(WebDriver)\n        :param message: optional message for :exc:`TimeoutException`\n        :returns: the result of the last call to `method`\n        :raises: :exc:`selenium.common.exceptions.TimeoutException` if timeout occurs\n        \"\"\"\n        screen = None\n        stacktrace = None\n    \n        end_time = time.monotonic() + self._timeout\n        while True:\n            try:\n                value = method(self._driver)\n                if value:\n                    return value\n            except self._ignored_exceptions as exc:\n                screen = getattr(exc, \"screen\", None)\n                stacktrace = getattr(exc, \"stacktrace\", None)\n            time.sleep(self._poll)\n            if time.monotonic() > end_time:\n                break\n>       raise TimeoutException(message, screen, stacktrace)\nE       selenium.common.exceptions.TimeoutException: Message: \nE       Stacktrace:\nE       #0 0x55a4493b94e3 <unknown>\nE       #1 0x55a4490e8c76 <unknown>\nE       #2 0x55a449124c96 <unknown>\nE       #3 0x55a449124dc1 <unknown>\nE       #4 0x55a44915e7f4 <unknown>\nE       #5 0x55a44914403d <unknown>\nE       #6 0x55a44915c30e <unknown>\nE       #7 0x55a449143de3 <unknown>\nE       #8 0x55a4491192dd <unknown>\nE       #9 0x55a44911a34e <unknown>\nE       #10 0x55a4493793e4 <unknown>\nE       #11 0x55a44937d3d7 <unknown>\nE       #12 0x55a449387b20 <unknown>\nE       #13 0x55a44937e023 <unknown>\nE       #14 0x55a44934c1aa <unknown>\nE       #15 0x55a4493a26b8 <unknown>\nE       #16 0x55a4493a2847 <unknown>\nE       #17 0x55a4493b2243 <unknown>\nE       #18 0x7fd4cdc90402 <unknown>\n\n/usr/local/lib/python3.10/dist-packages/selenium/webdriver/support/wait.py:95: TimeoutException\n\nDuring handling of the above exception, another exception occurred:\n\n    def test_searchProductsByTag():\n        try:\n            assert z.searchProductsByTags()\n        except:\n>           assert False\nE           assert False\n\notherSteps/testMore.py:20: AssertionError"}, "start": 1703237069328, "stop": 1703237091882, "uuid": "b864d167-730c-4ef3-9768-08ac7c1cc9aa", "historyId": "41d2234f2f82b9cbe4b7e38d1ad88fb8", "testCaseId": "41d2234f2f82b9cbe4b7e38d1ad88fb8", "fullName": "otherSteps.testMore#test_searchProductsByTag", "labels": [{"name": "parentSuite", "value": "otherSteps"}, {"name": "suite", "value": "testMore"}, {"name": "host", "value": "byemen"}, {"name": "thread", "value": "25386-MainThread"}, {"name": "framework", "value": "pytest"}, {"name": "language", "value": "cpython3"}, {"name": "package", "value": "otherSteps.testMore"}]}